This is XeTeX, Version 3.14159265-2.6-0.99992 (TeX Live 2015/Debian) (preloaded format=xelatex 2019.11.25)  30 DEC 2019 20:49
entering extended mode
 restricted \write18 enabled.
 file:line:error style messages enabled.
 %&-line parsing enabled.
**/home/mark/桌面/COMP0066-Final-Report-master/junyanzhong
(/home/mark/桌面/COMP0066-Final-Report-master/junyanzhong.tex
LaTeX2e <2016/02/01>
Babel <3.9q> and hyphenation patterns for 14 language(s) loaded.
(/usr/share/texlive/texmf-dist/tex/latex/base/article.cls
Document Class: article 2014/09/29 v1.4h Standard LaTeX document class
(/usr/share/texlive/texmf-dist/tex/latex/base/size12.clo
File: size12.clo 2014/09/29 v1.4h Standard LaTeX file (size option)
)
\c@part=\count79
\c@section=\count80
\c@subsection=\count81
\c@subsubsection=\count82
\c@paragraph=\count83
\c@subparagraph=\count84
\c@figure=\count85
\c@table=\count86
\abovecaptionskip=\skip41
\belowcaptionskip=\skip42
\bibindent=\dimen102
) (/usr/share/texlive/texmf-dist/tex/latex/tools/indentfirst.sty
Package: indentfirst 1995/11/23 v1.03 Indent first paragraph (DPC)
) (/usr/share/texlive/texmf-dist/tex/latex/psnfss/times.sty
Package: times 2005/04/12 PSNFSS-v9.2a (SPQR) 
) (/usr/share/texlive/texmf-dist/tex/latex/psnfss/mathptmx.sty
Package: mathptmx 2005/04/12 PSNFSS-v9.2a Times w/ Math, improved (SPQR, WaS) 
LaTeX Font Info:    Redeclaring symbol font `operators' on input line 28.
LaTeX Font Info:    Overwriting symbol font `operators' in version `normal'
(Font)                  OT1/cmr/m/n --> OT1/ztmcm/m/n on input line 28.
LaTeX Font Info:    Overwriting symbol font `operators' in version `bold'
(Font)                  OT1/cmr/bx/n --> OT1/ztmcm/m/n on input line 28.
LaTeX Font Info:    Redeclaring symbol font `letters' on input line 29.
LaTeX Font Info:    Overwriting symbol font `letters' in version `normal'
(Font)                  OML/cmm/m/it --> OML/ztmcm/m/it on input line 29.
LaTeX Font Info:    Overwriting symbol font `letters' in version `bold'
(Font)                  OML/cmm/b/it --> OML/ztmcm/m/it on input line 29.
LaTeX Font Info:    Redeclaring symbol font `symbols' on input line 30.
LaTeX Font Info:    Overwriting symbol font `symbols' in version `normal'
(Font)                  OMS/cmsy/m/n --> OMS/ztmcm/m/n on input line 30.
LaTeX Font Info:    Overwriting symbol font `symbols' in version `bold'
(Font)                  OMS/cmsy/b/n --> OMS/ztmcm/m/n on input line 30.
LaTeX Font Info:    Redeclaring symbol font `largesymbols' on input line 31.
LaTeX Font Info:    Overwriting symbol font `largesymbols' in version `normal'
(Font)                  OMX/cmex/m/n --> OMX/ztmcm/m/n on input line 31.
LaTeX Font Info:    Overwriting symbol font `largesymbols' in version `bold'
(Font)                  OMX/cmex/m/n --> OMX/ztmcm/m/n on input line 31.
\symbold=\mathgroup4
\symitalic=\mathgroup5
LaTeX Font Info:    Redeclaring math alphabet \mathbf on input line 34.
LaTeX Font Info:    Overwriting math alphabet `\mathbf' in version `normal'
(Font)                  OT1/cmr/bx/n --> OT1/ptm/bx/n on input line 34.
LaTeX Font Info:    Overwriting math alphabet `\mathbf' in version `bold'
(Font)                  OT1/cmr/bx/n --> OT1/ptm/bx/n on input line 34.
LaTeX Font Info:    Redeclaring math alphabet \mathit on input line 35.
LaTeX Font Info:    Overwriting math alphabet `\mathit' in version `normal'
(Font)                  OT1/cmr/m/it --> OT1/ptm/m/it on input line 35.
LaTeX Font Info:    Overwriting math alphabet `\mathit' in version `bold'
(Font)                  OT1/cmr/bx/it --> OT1/ptm/m/it on input line 35.
LaTeX Info: Redefining \hbar on input line 50.
) (/usr/share/texlive/texmf-dist/tex/latex/amsmath/amsmath.sty
Package: amsmath 2016/03/03 v2.15a AMS math features
\@mathmargin=\skip43

For additional information on amsmath, use the `?' option.
(/usr/share/texlive/texmf-dist/tex/latex/amsmath/amstext.sty
Package: amstext 2000/06/29 v2.01 AMS text
 (/usr/share/texlive/texmf-dist/tex/latex/amsmath/amsgen.sty
File: amsgen.sty 1999/11/30 v2.0 generic functions
\@emptytoks=\toks14
\ex@=\dimen103
)) (/usr/share/texlive/texmf-dist/tex/latex/amsmath/amsbsy.sty
Package: amsbsy 1999/11/29 v1.2d Bold Symbols
\pmbraise@=\dimen104
) (/usr/share/texlive/texmf-dist/tex/latex/amsmath/amsopn.sty
Package: amsopn 1999/12/14 v2.01 operator names
)
\inf@bad=\count87
LaTeX Info: Redefining \frac on input line 199.
\uproot@=\count88
\leftroot@=\count89
LaTeX Info: Redefining \overline on input line 297.
\classnum@=\count90
\DOTSCASE@=\count91
LaTeX Info: Redefining \ldots on input line 394.
LaTeX Info: Redefining \dots on input line 397.
LaTeX Info: Redefining \cdots on input line 518.
\Mathstrutbox@=\box26
\strutbox@=\box27
\big@size=\dimen105
LaTeX Font Info:    Redeclaring font encoding OML on input line 630.
LaTeX Font Info:    Redeclaring font encoding OMS on input line 631.
\macc@depth=\count92
\c@MaxMatrixCols=\count93
\dotsspace@=\muskip10
\c@parentequation=\count94
\dspbrk@lvl=\count95
\tag@help=\toks15
\row@=\count96
\column@=\count97
\maxfields@=\count98
\andhelp@=\toks16
\eqnshift@=\dimen106
\alignsep@=\dimen107
\tagshift@=\dimen108
\tagwidth@=\dimen109
\totwidth@=\dimen110
\lineht@=\dimen111
\@envbody=\toks17
\multlinegap=\skip44
\multlinetaggap=\skip45
\mathdisplay@stack=\toks18
LaTeX Info: Redefining \[ on input line 2735.
LaTeX Info: Redefining \] on input line 2736.
) (/usr/share/texlive/texmf-dist/tex/latex/graphics/graphicx.sty
Package: graphicx 2014/10/28 v1.0g Enhanced LaTeX Graphics (DPC,SPQR)
 (/usr/share/texlive/texmf-dist/tex/latex/graphics/keyval.sty
Package: keyval 2014/10/28 v1.15 key=value parser (DPC)
\KV@toks@=\toks19
) (/usr/share/texlive/texmf-dist/tex/latex/graphics/graphics.sty
Package: graphics 2016/01/03 v1.0q Standard LaTeX Graphics (DPC,SPQR)
 (/usr/share/texlive/texmf-dist/tex/latex/graphics/trig.sty
Package: trig 2016/01/03 v1.10 sin cos tan (DPC)
) (/usr/share/texlive/texmf-dist/tex/latex/latexconfig/graphics.cfg
File: graphics.cfg 2010/04/23 v1.9 graphics configuration of TeX Live
)
Package graphics Info: Driver file: xetex.def on input line 95.
 (/usr/share/texlive/texmf-dist/tex/xelatex/xetex-def/xetex.def
File: xetex.def 2015/09/11 v4.06 LaTeX color/graphics driver for XeTeX (TeX Live/RRM/JK)
 (/usr/share/texlive/texmf-dist/tex/generic/oberdiek/infwarerr.sty
Package: infwarerr 2010/04/08 v1.3 Providing info/warning/error messages (HO)
) (/usr/share/texlive/texmf-dist/tex/generic/oberdiek/ltxcmds.sty
Package: ltxcmds 2011/11/09 v1.22 LaTeX kernel commands for general use (HO)
)))
\Gin@req@height=\dimen112
\Gin@req@width=\dimen113
) (/usr/share/texlive/texmf-dist/tex/latex/setspace/setspace.sty
Package: setspace 2011/12/19 v6.7a set line spacing
) (/usr/share/texlive/texmf-dist/tex/latex/floatrow/floatrow.sty
Package: floatrow 2008/08/02 v0.3b floatrow: float package extension
 (/usr/share/texlive/texmf-dist/tex/latex/caption/caption3.sty
Package: caption3 2016/02/04 v1.7-139 caption3 kernel (AR)
Package caption3 Info: TeX engine: e-TeX on input line 67.
\captionmargin=\dimen114
\captionmargin@=\dimen115
\captionwidth=\dimen116
\caption@tempdima=\dimen117
\caption@indent=\dimen118
\caption@parindent=\dimen119
\caption@hangindent=\dimen120
)
\c@float@type=\count99
\float@exts=\toks20
\float@box=\box28
\@floatcapt=\box29
Package floatrow Info: Modified float package code loaded on input line 455.
Package floatrow Info: Modified rotfloat package code loaded on input line 473.
\FR@everyfloat=\toks21
\flrow@foot=\insert199
\FB@wd=\dimen121
\FBo@wd=\dimen122
\FBc@wd=\dimen123
\FBo@ht=\skip46
\FBc@ht=\skip47
\FBf@ht=\skip48
\FBo@max=\skip49
\FBc@max=\skip50
\FBf@max=\skip51
\c@FBl@b=\count100
\floatbox@depth=\count101
\c@FRobj=\count102
\c@FRsobj=\count103
\Xhsize=\skip52
\sXhsize=\skip53
\Zhsize=\skip54
\sZhsize=\skip55
\flrow@rowbox=\box30
\FR@Zunitlength=\dimen124
\c@FBcnt=\count104
\FPOScnt=\count105
\LTleft=\skip56
\LTright=\skip57
\LTleft=\skip58
\LTright=\skip59
\flrow@types=\toks22
) (/usr/share/texlive/texmf-dist/tex/latex/pgf/frontendlayer/tikz.sty (/usr/share/texlive/texmf-dist/tex/latex/pgf/basiclayer/pgf.sty (/usr/share/texlive/texmf-dist/tex/latex/pgf/utilities/pgfrcs.sty (/usr/share/texlive/texmf-dist/tex/generic/pgf/utilities/pgfutil-common.tex
\pgfutil@everybye=\toks23
\pgfutil@tempdima=\dimen125
\pgfutil@tempdimb=\dimen126
 (/usr/share/texlive/texmf-dist/tex/generic/pgf/utilities/pgfutil-common-lists.tex)) (/usr/share/texlive/texmf-dist/tex/generic/pgf/utilities/pgfutil-latex.def
\pgfutil@abb=\box31
 (/usr/share/texlive/texmf-dist/tex/latex/ms/everyshi.sty
Package: everyshi 2001/05/15 v3.00 EveryShipout Package (MS)
)) (/usr/share/texlive/texmf-dist/tex/generic/pgf/utilities/pgfrcs.code.tex
Package: pgfrcs 2015/08/07 v3.0.1a (rcs-revision 1.31)
))
Package: pgf 2015/08/07 v3.0.1a (rcs-revision 1.15)
 (/usr/share/texlive/texmf-dist/tex/latex/pgf/basiclayer/pgfcore.sty (/usr/share/texlive/texmf-dist/tex/latex/pgf/systemlayer/pgfsys.sty (/usr/share/texlive/texmf-dist/tex/generic/pgf/systemlayer/pgfsys.code.tex
Package: pgfsys 2014/07/09 v3.0.1a (rcs-revision 1.48)
 (/usr/share/texlive/texmf-dist/tex/generic/pgf/utilities/pgfkeys.code.tex
\pgfkeys@pathtoks=\toks24
\pgfkeys@temptoks=\toks25
 (/usr/share/texlive/texmf-dist/tex/generic/pgf/utilities/pgfkeysfiltered.code.tex
\pgfkeys@tmptoks=\toks26
))
\pgf@x=\dimen127
\pgf@y=\dimen128
\pgf@xa=\dimen129
\pgf@ya=\dimen130
\pgf@xb=\dimen131
\pgf@yb=\dimen132
\pgf@xc=\dimen133
\pgf@yc=\dimen134
\w@pgf@writea=\write3
\r@pgf@reada=\read1
\c@pgf@counta=\count106
\c@pgf@countb=\count107
\c@pgf@countc=\count108
\c@pgf@countd=\count109
\t@pgf@toka=\toks27
\t@pgf@tokb=\toks28
\t@pgf@tokc=\toks29
 (/usr/share/texlive/texmf-dist/tex/generic/pgf/systemlayer/pgf.cfg
File: pgf.cfg 2008/05/14  (rcs-revision 1.7)
)
Driver file for pgf: pgfsys-xetex.def
 (/usr/share/texlive/texmf-dist/tex/generic/pgf/systemlayer/pgfsys-xetex.def
File: pgfsys-xetex.def 2014/07/09  (rcs-revision 1.11)
 (/usr/share/texlive/texmf-dist/tex/generic/pgf/systemlayer/pgfsys-dvipdfmx.def
File: pgfsys-dvipdfmx.def 2014/07/09  (rcs-revision 1.14)
 (/usr/share/texlive/texmf-dist/tex/generic/pgf/systemlayer/pgfsys-common-pdf.def
File: pgfsys-common-pdf.def 2013/10/10  (rcs-revision 1.13)
)
\pgfsys@objnum=\count110
))) (/usr/share/texlive/texmf-dist/tex/generic/pgf/systemlayer/pgfsyssoftpath.code.tex
File: pgfsyssoftpath.code.tex 2013/09/09  (rcs-revision 1.9)
\pgfsyssoftpath@smallbuffer@items=\count111
\pgfsyssoftpath@bigbuffer@items=\count112
) (/usr/share/texlive/texmf-dist/tex/generic/pgf/systemlayer/pgfsysprotocol.code.tex
File: pgfsysprotocol.code.tex 2006/10/16  (rcs-revision 1.4)
)) (/usr/share/texlive/texmf-dist/tex/latex/xcolor/xcolor.sty
Package: xcolor 2007/01/21 v2.11 LaTeX color extensions (UK)
 (/usr/share/texlive/texmf-dist/tex/latex/latexconfig/color.cfg
File: color.cfg 2007/01/18 v1.5 color configuration of teTeX/TeXLive
)
Package xcolor Info: Driver file: xetex.def on input line 225.
Package xcolor Info: Model `cmy' substituted by `cmy0' on input line 1337.
Package xcolor Info: Model `RGB' extended on input line 1353.
Package xcolor Info: Model `HTML' substituted by `rgb' on input line 1355.
Package xcolor Info: Model `Hsb' substituted by `hsb' on input line 1356.
Package xcolor Info: Model `tHsb' substituted by `hsb' on input line 1357.
Package xcolor Info: Model `HSB' substituted by `hsb' on input line 1358.
Package xcolor Info: Model `Gray' substituted by `gray' on input line 1359.
Package xcolor Info: Model `wave' substituted by `hsb' on input line 1360.
) (/usr/share/texlive/texmf-dist/tex/generic/pgf/basiclayer/pgfcore.code.tex
Package: pgfcore 2010/04/11 v3.0.1a (rcs-revision 1.7)
 (/usr/share/texlive/texmf-dist/tex/generic/pgf/math/pgfmath.code.tex (/usr/share/texlive/texmf-dist/tex/generic/pgf/math/pgfmathcalc.code.tex (/usr/share/texlive/texmf-dist/tex/generic/pgf/math/pgfmathutil.code.tex) (/usr/share/texlive/texmf-dist/tex/generic/pgf/math/pgfmathparser.code.tex
\pgfmath@dimen=\dimen135
\pgfmath@count=\count113
\pgfmath@box=\box32
\pgfmath@toks=\toks30
\pgfmath@stack@operand=\toks31
\pgfmath@stack@operation=\toks32
) (/usr/share/texlive/texmf-dist/tex/generic/pgf/math/pgfmathfunctions.code.tex (/usr/share/texlive/texmf-dist/tex/generic/pgf/math/pgfmathfunctions.basic.code.tex) (/usr/share/texlive/texmf-dist/tex/generic/pgf/math/pgfmathfunctions.trigonometric.code.tex) (/usr/share/texlive/texmf-dist/tex/generic/pgf/math/pgfmathfunctions.random.code.tex) (/usr/share/texlive/texmf-dist/tex/generic/pgf/math/pgfmathfunctions.comparison.code.tex) (/usr/share/texlive/texmf-dist/tex/generic/pgf/math/pgfmathfunctions.base.code.tex) (/usr/share/texlive/texmf-dist/tex/generic/pgf/math/pgfmathfunctions.round.code.tex) (/usr/share/texlive/texmf-dist/tex/generic/pgf/math/pgfmathfunctions.misc.code.tex) (/usr/share/texlive/texmf-dist/tex/generic/pgf/math/pgfmathfunctions.integerarithmetics.code.tex))) (/usr/share/texlive/texmf-dist/tex/generic/pgf/math/pgfmathfloat.code.tex
\c@pgfmathroundto@lastzeros=\count114
)) (/usr/share/texlive/texmf-dist/tex/generic/pgf/basiclayer/pgfcorepoints.code.tex
File: pgfcorepoints.code.tex 2013/10/07  (rcs-revision 1.27)
\pgf@picminx=\dimen136
\pgf@picmaxx=\dimen137
\pgf@picminy=\dimen138
\pgf@picmaxy=\dimen139
\pgf@pathminx=\dimen140
\pgf@pathmaxx=\dimen141
\pgf@pathminy=\dimen142
\pgf@pathmaxy=\dimen143
\pgf@xx=\dimen144
\pgf@xy=\dimen145
\pgf@yx=\dimen146
\pgf@yy=\dimen147
\pgf@zx=\dimen148
\pgf@zy=\dimen149
) (/usr/share/texlive/texmf-dist/tex/generic/pgf/basiclayer/pgfcorepathconstruct.code.tex
File: pgfcorepathconstruct.code.tex 2013/10/07  (rcs-revision 1.29)
\pgf@path@lastx=\dimen150
\pgf@path@lasty=\dimen151
) (/usr/share/texlive/texmf-dist/tex/generic/pgf/basiclayer/pgfcorepathusage.code.tex
File: pgfcorepathusage.code.tex 2014/11/02  (rcs-revision 1.24)
\pgf@shorten@end@additional=\dimen152
\pgf@shorten@start@additional=\dimen153
) (/usr/share/texlive/texmf-dist/tex/generic/pgf/basiclayer/pgfcorescopes.code.tex
File: pgfcorescopes.code.tex 2015/05/08  (rcs-revision 1.46)
\pgfpic=\box33
\pgf@hbox=\box34
\pgf@layerbox@main=\box35
\pgf@picture@serial@count=\count115
) (/usr/share/texlive/texmf-dist/tex/generic/pgf/basiclayer/pgfcoregraphicstate.code.tex
File: pgfcoregraphicstate.code.tex 2014/11/02  (rcs-revision 1.12)
\pgflinewidth=\dimen154
) (/usr/share/texlive/texmf-dist/tex/generic/pgf/basiclayer/pgfcoretransformations.code.tex
File: pgfcoretransformations.code.tex 2015/08/07  (rcs-revision 1.20)
\pgf@pt@x=\dimen155
\pgf@pt@y=\dimen156
\pgf@pt@temp=\dimen157
) (/usr/share/texlive/texmf-dist/tex/generic/pgf/basiclayer/pgfcorequick.code.tex
File: pgfcorequick.code.tex 2008/10/09  (rcs-revision 1.3)
) (/usr/share/texlive/texmf-dist/tex/generic/pgf/basiclayer/pgfcoreobjects.code.tex
File: pgfcoreobjects.code.tex 2006/10/11  (rcs-revision 1.2)
) (/usr/share/texlive/texmf-dist/tex/generic/pgf/basiclayer/pgfcorepathprocessing.code.tex
File: pgfcorepathprocessing.code.tex 2013/09/09  (rcs-revision 1.9)
) (/usr/share/texlive/texmf-dist/tex/generic/pgf/basiclayer/pgfcorearrows.code.tex
File: pgfcorearrows.code.tex 2015/05/14  (rcs-revision 1.43)
\pgfarrowsep=\dimen158
) (/usr/share/texlive/texmf-dist/tex/generic/pgf/basiclayer/pgfcoreshade.code.tex
File: pgfcoreshade.code.tex 2013/07/15  (rcs-revision 1.15)
\pgf@max=\dimen159
\pgf@sys@shading@range@num=\count116
) (/usr/share/texlive/texmf-dist/tex/generic/pgf/basiclayer/pgfcoreimage.code.tex
File: pgfcoreimage.code.tex 2013/07/15  (rcs-revision 1.18)
 (/usr/share/texlive/texmf-dist/tex/generic/pgf/basiclayer/pgfcoreexternal.code.tex
File: pgfcoreexternal.code.tex 2014/07/09  (rcs-revision 1.21)
\pgfexternal@startupbox=\box36
)) (/usr/share/texlive/texmf-dist/tex/generic/pgf/basiclayer/pgfcorelayers.code.tex
File: pgfcorelayers.code.tex 2013/07/18  (rcs-revision 1.7)
) (/usr/share/texlive/texmf-dist/tex/generic/pgf/basiclayer/pgfcoretransparency.code.tex
File: pgfcoretransparency.code.tex 2013/09/30  (rcs-revision 1.5)
) (/usr/share/texlive/texmf-dist/tex/generic/pgf/basiclayer/pgfcorepatterns.code.tex
File: pgfcorepatterns.code.tex 2013/11/07  (rcs-revision 1.5)
))) (/usr/share/texlive/texmf-dist/tex/generic/pgf/modules/pgfmoduleshapes.code.tex
File: pgfmoduleshapes.code.tex 2014/03/21  (rcs-revision 1.35)
\pgfnodeparttextbox=\box37
) (/usr/share/texlive/texmf-dist/tex/generic/pgf/modules/pgfmoduleplot.code.tex
File: pgfmoduleplot.code.tex 2015/08/03  (rcs-revision 1.13)
) (/usr/share/texlive/texmf-dist/tex/latex/pgf/compatibility/pgfcomp-version-0-65.sty
Package: pgfcomp-version-0-65 2007/07/03 v3.0.1a (rcs-revision 1.7)
\pgf@nodesepstart=\dimen160
\pgf@nodesepend=\dimen161
) (/usr/share/texlive/texmf-dist/tex/latex/pgf/compatibility/pgfcomp-version-1-18.sty
Package: pgfcomp-version-1-18 2007/07/23 v3.0.1a (rcs-revision 1.1)
)) (/usr/share/texlive/texmf-dist/tex/latex/pgf/utilities/pgffor.sty (/usr/share/texlive/texmf-dist/tex/latex/pgf/utilities/pgfkeys.sty (/usr/share/texlive/texmf-dist/tex/generic/pgf/utilities/pgfkeys.code.tex)) (/usr/share/texlive/texmf-dist/tex/latex/pgf/math/pgfmath.sty (/usr/share/texlive/texmf-dist/tex/generic/pgf/math/pgfmath.code.tex)) (/usr/share/texlive/texmf-dist/tex/generic/pgf/utilities/pgffor.code.tex
Package: pgffor 2013/12/13 v3.0.1a (rcs-revision 1.25)
 (/usr/share/texlive/texmf-dist/tex/generic/pgf/math/pgfmath.code.tex)
\pgffor@iter=\dimen162
\pgffor@skip=\dimen163
\pgffor@stack=\toks33
\pgffor@toks=\toks34
)) (/usr/share/texlive/texmf-dist/tex/generic/pgf/frontendlayer/tikz/tikz.code.tex
Package: tikz 2015/08/07 v3.0.1a (rcs-revision 1.151)
 (/usr/share/texlive/texmf-dist/tex/generic/pgf/libraries/pgflibraryplothandlers.code.tex
File: pgflibraryplothandlers.code.tex 2013/08/31 v3.0.1a (rcs-revision 1.20)
\pgf@plot@mark@count=\count117
\pgfplotmarksize=\dimen164
)
\tikz@lastx=\dimen165
\tikz@lasty=\dimen166
\tikz@lastxsaved=\dimen167
\tikz@lastysaved=\dimen168
\tikzleveldistance=\dimen169
\tikzsiblingdistance=\dimen170
\tikz@figbox=\box38
\tikz@figbox@bg=\box39
\tikz@tempbox=\box40
\tikz@tempbox@bg=\box41
\tikztreelevel=\count118
\tikznumberofchildren=\count119
\tikznumberofcurrentchild=\count120
\tikz@fig@count=\count121
 (/usr/share/texlive/texmf-dist/tex/generic/pgf/modules/pgfmodulematrix.code.tex
File: pgfmodulematrix.code.tex 2013/09/17  (rcs-revision 1.8)
\pgfmatrixcurrentrow=\count122
\pgfmatrixcurrentcolumn=\count123
\pgf@matrix@numberofcolumns=\count124
)
\tikz@expandcount=\count125
 (/usr/share/texlive/texmf-dist/tex/generic/pgf/frontendlayer/tikz/libraries/tikzlibrarytopaths.code.tex
File: tikzlibrarytopaths.code.tex 2008/06/17 v3.0.1a (rcs-revision 1.2)
))) (/usr/share/texlive/texmf-dist/tex/generic/pgf/frontendlayer/tikz/libraries/tikzlibrarycalc.code.tex
File: tikzlibrarycalc.code.tex 2013/07/15 v3.0.1a (rcs-revision 1.9)
) (/usr/share/texlive/texmf-dist/tex/generic/pgf/frontendlayer/tikz/libraries/tikzlibraryshapes.code.tex
File: tikzlibraryshapes.code.tex 2008/01/09 v3.0.1a (rcs-revision 1.1)
 (/usr/share/texlive/texmf-dist/tex/generic/pgf/frontendlayer/tikz/libraries/tikzlibraryshapes.geometric.code.tex
File: tikzlibraryshapes.geometric.code.tex 2008/01/09 v3.0.1a (rcs-revision 1.1)
 (/usr/share/texlive/texmf-dist/tex/generic/pgf/libraries/shapes/pgflibraryshapes.geometric.code.tex
File: pgflibraryshapes.geometric.code.tex 2008/06/26 v3.0.1a (rcs-revision 1.1)
)) (/usr/share/texlive/texmf-dist/tex/generic/pgf/frontendlayer/tikz/libraries/tikzlibraryshapes.misc.code.tex
File: tikzlibraryshapes.misc.code.tex 2008/01/09 v3.0.1a (rcs-revision 1.1)
 (/usr/share/texlive/texmf-dist/tex/generic/pgf/libraries/shapes/pgflibraryshapes.misc.code.tex
File: pgflibraryshapes.misc.code.tex 2013/07/18 v3.0.1a (rcs-revision 1.5)
)) (/usr/share/texlive/texmf-dist/tex/generic/pgf/frontendlayer/tikz/libraries/tikzlibraryshapes.symbols.code.tex
File: tikzlibraryshapes.symbols.code.tex 2008/01/09 v3.0.1a (rcs-revision 1.1)
 (/usr/share/texlive/texmf-dist/tex/generic/pgf/libraries/shapes/pgflibraryshapes.symbols.code.tex
File: pgflibraryshapes.symbols.code.tex 2013/09/11 v3.0.1a (rcs-revision 1.6)
)) (/usr/share/texlive/texmf-dist/tex/generic/pgf/frontendlayer/tikz/libraries/tikzlibraryshapes.arrows.code.tex
File: tikzlibraryshapes.arrows.code.tex 2008/01/09 v3.0.1a (rcs-revision 1.1)
 (/usr/share/texlive/texmf-dist/tex/generic/pgf/libraries/shapes/pgflibraryshapes.arrows.code.tex
File: pgflibraryshapes.arrows.code.tex 2008/06/26 v3.0.1a (rcs-revision 1.1)
)) (/usr/share/texlive/texmf-dist/tex/generic/pgf/frontendlayer/tikz/libraries/tikzlibraryshapes.callouts.code.tex (/usr/share/texlive/texmf-dist/tex/generic/pgf/libraries/shapes/pgflibraryshapes.callouts.code.tex)) (/usr/share/texlive/texmf-dist/tex/generic/pgf/frontendlayer/tikz/libraries/tikzlibraryshapes.multipart.code.tex
File: tikzlibraryshapes.multipart.code.tex 2008/01/09 v3.0.1a (rcs-revision 1.1)
 (/usr/share/texlive/texmf-dist/tex/generic/pgf/libraries/shapes/pgflibraryshapes.multipart.code.tex
File: pgflibraryshapes.multipart.code.tex 2010/01/07 v3.0.1a (rcs-revision 1.2)
\pgfnodepartlowerbox=\box42
\pgfnodeparttwobox=\box43
\pgfnodepartthreebox=\box44
\pgfnodepartfourbox=\box45
\pgfnodeparttwentybox=\box46
\pgfnodepartnineteenbox=\box47
\pgfnodeparteighteenbox=\box48
\pgfnodepartseventeenbox=\box49
\pgfnodepartsixteenbox=\box50
\pgfnodepartfifteenbox=\box51
\pgfnodepartfourteenbox=\box52
\pgfnodepartthirteenbox=\box53
\pgfnodeparttwelvebox=\box54
\pgfnodepartelevenbox=\box55
\pgfnodeparttenbox=\box56
\pgfnodepartninebox=\box57
\pgfnodeparteightbox=\box58
\pgfnodepartsevenbox=\box59
\pgfnodepartsixbox=\box60
\pgfnodepartfivebox=\box61
))) (/usr/share/texlive/texmf-dist/tex/generic/pgf/frontendlayer/tikz/libraries/tikzlibrarybackgrounds.code.tex
File: tikzlibrarybackgrounds.code.tex 2013/07/18 v3.0.1a (rcs-revision 1.3)
\pgf@layerbox@background=\box62
\pgf@layerboxsaved@background=\box63
) (/usr/share/texlive/texmf-dist/tex/latex/amsfonts/amssymb.sty
Package: amssymb 2013/01/14 v3.01 AMS font symbols
 (/usr/share/texlive/texmf-dist/tex/latex/amsfonts/amsfonts.sty
Package: amsfonts 2013/01/14 v3.01 Basic AMSFonts support
\symAMSa=\mathgroup6
\symAMSb=\mathgroup7
LaTeX Font Info:    Overwriting math alphabet `\mathfrak' in version `bold'
(Font)                  U/euf/m/n --> U/euf/b/n on input line 106.
)) (./algorithm2e.sty
Invalid UTF-8 byte or sequence at line 284 replaced by U+FFFD.
Invalid UTF-8 byte or sequence at line 299 replaced by U+FFFD.
Invalid UTF-8 byte or sequence at line 550 replaced by U+FFFD.
Package: algorithm2e 2017/07/18 v5.2 algorithms environments
\c@AlgoLine=\count126
 (/usr/share/texlive/texmf-dist/tex/latex/base/ifthen.sty
Package: ifthen 2014/09/29 v1.1c Standard LaTeX ifthen package (DPC)
)
\algocf@hangindent=\skip60
 (/usr/share/texlive/texmf-dist/tex/latex/ifoddpage/ifoddpage.sty
Package: ifoddpage 2011/09/13 v1.0 Conditionals for odd/even page detection
\c@checkoddpage=\count127
) (/usr/share/texlive/texmf-dist/tex/latex/tools/xspace.sty
Package: xspace 2014/10/28 v1.13 Space after command names (DPC,MH)
) (/usr/share/texlive/texmf-dist/tex/latex/relsize/relsize.sty
Package: relsize 2013/03/29 ver 4.1
)
\skiptotal=\skip61
\skiplinenumber=\skip62
\skiprule=\skip63
\skiphlne=\skip64
\skiptext=\skip65
\skiplength=\skip66
\algomargin=\skip67
\skipalgocfslide=\skip68
\algowidth=\dimen171
\inoutsize=\dimen172
\inoutindent=\dimen173
\interspacetitleruled=\dimen174
\interspacealgoruled=\dimen175
\interspacetitleboxruled=\dimen176
\algocf@ruledwidth=\skip69
\algocf@inoutbox=\box64
\algocf@inputbox=\box65
\AlCapSkip=\skip70
\AlCapHSkip=\skip71
\algoskipindent=\skip72
\algocf@nlbox=\box66
\algocf@hangingbox=\box67
\algocf@untilbox=\box68
\algocf@skipuntil=\skip73
\algocf@capbox=\box69
\algocf@lcaptionbox=\skip74
\algoheightruledefault=\skip75
\algoheightrule=\skip76
\algotitleheightruledefault=\skip77
\algotitleheightrule=\skip78
\c@algocfline=\count128
\c@algocfproc=\count129
\c@algocf=\count130
\algocf@algoframe=\box70
\algocf@algobox=\box71
) (./pgfplots.sty (/usr/share/texlive/texmf-dist/tex/generic/pgfplots/pgfplots.revision.tex)
Package: pgfplots 2016/01/06 v1.13 Data Visualization (1.13)
 (/usr/share/texlive/texmf-dist/tex/generic/pgfplots/pgfplots.code.tex (/usr/share/texlive/texmf-dist/tex/generic/pgfplots/pgfplotscore.code.tex
\t@pgfplots@toka=\toks35
\t@pgfplots@tokb=\toks36
\t@pgfplots@tokc=\toks37
\pgfplots@tmpa=\dimen177
\c@pgfplots@coordindex=\count131
\c@pgfplots@scanlineindex=\count132
 (/usr/share/texlive/texmf-dist/tex/generic/pgfplots/sys/pgfplotssysgeneric.code.tex)) (/usr/share/texlive/texmf-dist/tex/generic/pgfplots/libs/pgfplotslibrary.code.tex) (/usr/share/texlive/texmf-dist/tex/generic/pgfplots/oldpgfcompatib/pgfplotsoldpgfsupp_loader.code.tex (/usr/share/texlive/texmf-dist/tex/generic/pgf/libraries/pgflibraryfpu.code.tex)
Package pgfplots: loading complementary arithmetics for your pgf version...
(/usr/share/texlive/texmf-dist/tex/generic/pgfplots/oldpgfcompatib/pgfplotsoldpgfsupp_pgflibraryfpu.code.tex) (/usr/share/texlive/texmf-dist/tex/generic/pgfplots/oldpgfcompatib/pgfplotsoldpgfsupp_pgfmathfloat.code.tex
\c@pgfmathroundto@lastzeros=\count133
)) (/usr/share/texlive/texmf-dist/tex/generic/pgfplots/util/pgfplotsutil.code.tex (/usr/share/texlive/texmf-dist/tex/generic/pgfplots/liststructure/pgfplotsliststructure.code.tex) (/usr/share/texlive/texmf-dist/tex/generic/pgfplots/liststructure/pgfplotsliststructureext.code.tex) (/usr/share/texlive/texmf-dist/tex/generic/pgfplots/liststructure/pgfplotsarray.code.tex
\c@pgfplotsarray@tmp=\count134
) (/usr/share/texlive/texmf-dist/tex/generic/pgfplots/liststructure/pgfplotsmatrix.code.tex) (/usr/share/texlive/texmf-dist/tex/generic/pgfplots/numtable/pgfplotstableshared.code.tex
\c@pgfplotstable@counta=\count135
\t@pgfplotstable@a=\toks38
) (/usr/share/texlive/texmf-dist/tex/generic/pgfplots/liststructure/pgfplotsdeque.code.tex) (/usr/share/texlive/texmf-dist/tex/generic/pgfplots/util/pgfplotsbinary.code.tex (/usr/share/texlive/texmf-dist/tex/generic/pgfplots/util/pgfplotsbinary.data.code.tex)) (/usr/share/texlive/texmf-dist/tex/generic/pgfplots/util/pgfplotsutil.verb.code.tex) (/usr/share/texlive/texmf-dist/tex/generic/pgfplots/libs/pgflibrarypgfplots.surfshading.code.tex
\c@pgfplotslibrarysurf@no=\count136
 (/usr/share/texlive/texmf-dist/tex/generic/pgfplots/sys/pgflibrarypgfplots.surfshading.pgfsys-xetex.def (/usr/share/texlive/texmf-dist/tex/generic/pgfplots/sys/pgflibrarypgfplots.surfshading.pgfsys-dvipdfmx.def
\c@pgfplotslibrarysurf@streamlen=\count137
)))) (/usr/share/texlive/texmf-dist/tex/generic/pgfplots/util/pgfplotscolormap.code.tex (/usr/share/texlive/texmf-dist/tex/generic/pgfplots/util/pgfplotscolor.code.tex)) (/usr/share/texlive/texmf-dist/tex/generic/pgfplots/pgfplotsstackedplots.code.tex) (/usr/share/texlive/texmf-dist/tex/generic/pgfplots/pgfplotsplothandlers.code.tex (/usr/share/texlive/texmf-dist/tex/generic/pgfplots/pgfplotsmeshplothandler.code.tex (/usr/share/texlive/texmf-dist/tex/generic/pgfplots/pgfplotsmeshplotimage.code.tex))) (/usr/share/texlive/texmf-dist/tex/generic/pgfplots/pgfplots.scaling.code.tex) (/usr/share/texlive/texmf-dist/tex/generic/pgfplots/pgfplotscoordprocessing.code.tex) (/usr/share/texlive/texmf-dist/tex/generic/pgfplots/pgfplots.errorbars.code.tex) (/usr/share/texlive/texmf-dist/tex/generic/pgfplots/pgfplots.markers.code.tex) (/usr/share/texlive/texmf-dist/tex/generic/pgfplots/pgfplotsticks.code.tex) (/usr/share/texlive/texmf-dist/tex/generic/pgfplots/pgfplots.paths.code.tex) (/usr/share/texlive/texmf-dist/tex/generic/pgf/frontendlayer/tikz/libraries/tikzlibrarydecorations.code.tex (/usr/share/texlive/texmf-dist/tex/generic/pgf/modules/pgfmoduledecorations.code.tex
\pgfdecoratedcompleteddistance=\dimen178
\pgfdecoratedremainingdistance=\dimen179
\pgfdecoratedinputsegmentcompleteddistance=\dimen180
\pgfdecoratedinputsegmentremainingdistance=\dimen181
\pgf@decorate@distancetomove=\dimen182
\pgf@decorate@repeatstate=\count138
\pgfdecorationsegmentamplitude=\dimen183
\pgfdecorationsegmentlength=\dimen184
)
\tikz@lib@dec@box=\box72
) (/usr/share/texlive/texmf-dist/tex/generic/pgf/frontendlayer/tikz/libraries/tikzlibrarydecorations.pathmorphing.code.tex (/usr/share/texlive/texmf-dist/tex/generic/pgf/libraries/decorations/pgflibrarydecorations.pathmorphing.code.tex)) (/usr/share/texlive/texmf-dist/tex/generic/pgf/frontendlayer/tikz/libraries/tikzlibrarydecorations.pathreplacing.code.tex (/usr/share/texlive/texmf-dist/tex/generic/pgf/libraries/decorations/pgflibrarydecorations.pathreplacing.code.tex))
\pgfplots@numplots=\count139
\pgfplots@xmin@reg=\dimen185
\pgfplots@xmax@reg=\dimen186
\pgfplots@ymin@reg=\dimen187
\pgfplots@ymax@reg=\dimen188
\pgfplots@zmin@reg=\dimen189
\pgfplots@zmax@reg=\dimen190
) (/usr/share/texlive/texmf-dist/tex/generic/pgf/frontendlayer/tikz/libraries/tikzlibraryplotmarks.code.tex
File: tikzlibraryplotmarks.code.tex 2008/01/09 v3.0.1a (rcs-revision 1.1)
 (/usr/share/texlive/texmf-dist/tex/generic/pgf/libraries/pgflibraryplotmarks.code.tex
File: pgflibraryplotmarks.code.tex 2015/08/03 v3.0.1a (rcs-revision 1.14)
))) (/usr/share/texlive/texmf-dist/tex/latex/listings/listings.sty
\lst@mode=\count140
\lst@gtempboxa=\box73
\lst@token=\toks39
\lst@length=\count141
\lst@currlwidth=\dimen191
\lst@column=\count142
\lst@pos=\count143
\lst@lostspace=\dimen192
\lst@width=\dimen193
\lst@newlines=\count144
\lst@lineno=\count145
\lst@maxwidth=\dimen194
 (/usr/share/texlive/texmf-dist/tex/latex/listings/lstmisc.sty
File: lstmisc.sty 2015/06/04 1.6 (Carsten Heinz)
\c@lstnumber=\count146
\lst@skipnumbers=\count147
\lst@framebox=\box74
) (/usr/share/texlive/texmf-dist/tex/latex/listings/listings.cfg
File: listings.cfg 2015/06/04 1.6 listings configuration
))
Package: listings 2015/06/04 1.6 (Carsten Heinz)
 (/usr/share/texlive/texmf-dist/tex/latex/listings/lstlang1.sty
File: lstlang1.sty 2015/06/04 1.6 listings language file
) (./junyanzhong.aux)
\openout1 = `junyanzhong.aux'.

LaTeX Font Info:    Checking defaults for OML/cmm/m/it on input line 63.
LaTeX Font Info:    ... okay on input line 63.
LaTeX Font Info:    Checking defaults for T1/cmr/m/n on input line 63.
LaTeX Font Info:    ... okay on input line 63.
LaTeX Font Info:    Checking defaults for OT1/cmr/m/n on input line 63.
LaTeX Font Info:    ... okay on input line 63.
LaTeX Font Info:    Checking defaults for OMS/cmsy/m/n on input line 63.
LaTeX Font Info:    ... okay on input line 63.
LaTeX Font Info:    Checking defaults for OMX/cmex/m/n on input line 63.
LaTeX Font Info:    ... okay on input line 63.
LaTeX Font Info:    Checking defaults for U/cmr/m/n on input line 63.
LaTeX Font Info:    ... okay on input line 63.
LaTeX Font Info:    Try loading font information for OT1+ptm on input line 63.
 (/usr/share/texlive/texmf-dist/tex/latex/psnfss/ot1ptm.fd
File: ot1ptm.fd 2001/06/04 font definitions for OT1/ptm.
)
Package caption Info: Begin \AtBeginDocument code.
Package caption Info: End \AtBeginDocument code.
 ABD: EveryShipout initializing macros
Package pgfplots notification 'compat/show suggested version=true': you might benefit from \pgfplotsset{compat=1.13} (current compat level: 1.12).

\c@lstlisting=\count148
LaTeX Font Info:    Font shape `OT1/ptm/bx/n' in size <20.74> not available
(Font)              Font shape `OT1/ptm/b/n' tried instead on input line 72.
LaTeX Font Info:    Try loading font information for OT1+ztmcm on input line 72.
(/usr/share/texlive/texmf-dist/tex/latex/psnfss/ot1ztmcm.fd
File: ot1ztmcm.fd 2000/01/03 Fontinst v1.801 font definitions for OT1/ztmcm.
)
LaTeX Font Info:    Try loading font information for OML+ztmcm on input line 72.
 (/usr/share/texlive/texmf-dist/tex/latex/psnfss/omlztmcm.fd
File: omlztmcm.fd 2000/01/03 Fontinst v1.801 font definitions for OML/ztmcm.
)
LaTeX Font Info:    Try loading font information for OMS+ztmcm on input line 72.
 (/usr/share/texlive/texmf-dist/tex/latex/psnfss/omsztmcm.fd
File: omsztmcm.fd 2000/01/03 Fontinst v1.801 font definitions for OMS/ztmcm.
)
LaTeX Font Info:    Try loading font information for OMX+ztmcm on input line 72.
 (/usr/share/texlive/texmf-dist/tex/latex/psnfss/omxztmcm.fd
File: omxztmcm.fd 2000/01/03 Fontinst v1.801 font definitions for OMX/ztmcm.
)
LaTeX Font Info:    Font shape `OT1/ptm/bx/n' in size <14.4> not available
(Font)              Font shape `OT1/ptm/b/n' tried instead on input line 72.
LaTeX Font Info:    Font shape `OT1/ptm/bx/n' in size <10.95> not available
(Font)              Font shape `OT1/ptm/b/n' tried instead on input line 72.
LaTeX Font Info:    Font shape `OT1/ptm/bx/n' in size <8> not available
(Font)              Font shape `OT1/ptm/b/n' tried instead on input line 72.
LaTeX Font Info:    Try loading font information for OMS+ptm on input line 72.
 (/usr/share/texlive/texmf-dist/tex/latex/psnfss/omsptm.fd
File: omsptm.fd 
)
LaTeX Font Info:    Font shape `OMS/ptm/m/n' in size <10.95> not available
(Font)              Font shape `OMS/cmsy/m/n' tried instead on input line 72.
LaTeX Font Info:    Font shape `OT1/ptm/bx/n' in size <10> not available
(Font)              Font shape `OT1/ptm/b/n' tried instead on input line 72.
LaTeX Font Info:    Font shape `OT1/ptm/bx/n' in size <7.4> not available
(Font)              Font shape `OT1/ptm/b/n' tried instead on input line 72.
LaTeX Font Info:    Font shape `OT1/ptm/bx/n' in size <6> not available
(Font)              Font shape `OT1/ptm/b/n' tried instead on input line 72.
LaTeX Font Info:    Font shape `OMS/ptm/m/n' in size <7.4> not available
(Font)              Font shape `OMS/cmsy/m/n' tried instead on input line 72.
LaTeX Font Info:    Font shape `OT1/ptm/bx/n' in size <17.28> not available
(Font)              Font shape `OT1/ptm/b/n' tried instead on input line 115.
Missing character: There is no ’ in font ptmr7t!

Underfull \hbox (badness 10000) in paragraph at lines 117--126

 []

[1

]
Overfull \hbox (3.45003pt too wide) in paragraph at lines 129--130
[]\OT1/ptm/m/n/12 The web-site of the Douban book is:$\OML/ztmcm/m/it/10.95 https \OT1/ztmcm/m/n/10.95 : \OML/ztmcm/m/it/10.95 ==www:douban:com=doulist=\OT1/ztmcm/m/n/10.95 1264675$\OT1/ptm/m/n/10.95 . 
 []

File: p1.png Graphic file (type QTm)
<use  "p1.png" >
Missing character: There is no ‘ in font ptmr7t!
Missing character: There is no ’ in font ptmr7t!
Missing character: There is no ’ in font ptmr7t!
Missing character: There is no ’ in font ptmr7t!
 [2]
LaTeX Font Info:    Try loading font information for OT1+pcr on input line 150.
 (/usr/share/texlive/texmf-dist/tex/latex/psnfss/ot1pcr.fd
File: ot1pcr.fd 2001/06/04 font definitions for OT1/pcr.
)
Missing character: There is no 出 in font pcrr7t!
Missing character: There is no 版 in font pcrr7t!
Missing character: There is no 年 in font pcrr7t!
Missing character: There is no 　 in font ptmr7t!
Missing character: There is no 　 in font ptmr7t!
Missing character: There is no 　 in font ptmr7t!
Missing character: There is no 　 in font ptmr7t!
Missing character: There is no 　 in font ptmr7t!
Missing character: There is no 　 in font ptmr7t!
Missing character: There is no 　 in font ptmr7t!
Missing character: There is no 　 in font ptmr7t!
Missing character: There is no 　 in font ptmr7t!
Missing character: There is no 　 in font ptmr7t!
Missing character: There is no 　 in font ptmr7t!
Missing character: There is no 　 in font ptmr7t!
Missing character: There is no 　 in font ptmr7t!
Missing character: There is no 　 in font ptmr7t!
Missing character: There is no 　 in font ptmr7t!
Missing character: There is no 　 in font ptmr7t!
Missing character: There is no 　 in font ptmr7t!
Missing character: There is no 　 in font ptmr7t!
Missing character: There is no 　 in font ptmr7t!
Missing character: There is no 　 in font ptmr7t!
Missing character: There is no 　 in font ptmr7t!
Missing character: There is no 　 in font ptmr7t!
Missing character: There is no 　 in font ptmr7t!
Missing character: There is no 　 in font ptmr7t!
Missing character: There is no 　 in font ptmr7t!
Missing character: There is no 　 in font ptmr7t!
Missing character: There is no 　 in font ptmr7t!
Missing character: There is no 　 in font ptmr7t!
Missing character: There is no 　 in font ptmr7t!
Missing character: There is no 　 in font ptmr7t!
Missing character: There is no 　 in font ptmr7t!
Missing character: There is no 　 in font ptmr7t!
Missing character: There is no 　 in font ptmr7t!
Missing character: There is no 　 in font ptmr7t!
Missing character: There is no 　 in font ptmr7t!
Missing character: There is no 　 in font ptmr7t!
Missing character: There is no 　 in font ptmr7t!
Missing character: There is no 　 in font ptmr7t!
Missing character: There is no 　 in font ptmr7t!
Missing character: There is no 　 in font ptmr7t!
Missing character: There is no 　 in font ptmr7t!
Missing character: There is no 　 in font ptmr7t!
Missing character: There is no 　 in font ptmr7t!
Missing character: There is no 　 in font ptmr7t!
Missing character: There is no 　 in font ptmr7t!
Missing character: There is no 　 in font ptmr7t!
Missing character: There is no 　 in font ptmr7t!
Missing character: There is no 　 in font ptmr7t!
Missing character: There is no 　 in font ptmr7t!
Missing character: There is no 　 in font ptmr7t!
Missing character: There is no 　 in font ptmr7t!
Missing character: There is no 　 in font ptmr7t!
Missing character: There is no 　 in font ptmr7t!
Missing character: There is no 　 in font ptmr7t!
Missing character: There is no 　 in font ptmr7t!
Missing character: There is no 　 in font ptmr7t!
Missing character: There is no 　 in font ptmr7t!
Missing character: There is no 　 in font ptmr7t!
Missing character: There is no 　 in font ptmr7t!
Missing character: There is no 　 in font ptmr7t!
Missing character: There is no 　 in font ptmr7t!
Missing character: There is no 　 in font ptmr7t!
Missing character: There is no 　 in font ptmr7t!
Missing character: There is no 　 in font ptmr7t!
Missing character: There is no 　 in font ptmr7t!
Missing character: There is no 　 in font ptmr7t!
Missing character: There is no 　 in font ptmr7t!
Missing character: There is no 　 in font ptmr7t!
Missing character: There is no 　 in font ptmr7t!
Missing character: There is no 　 in font ptmr7t!
Missing character: There is no 　 in font ptmr7t!
Missing character: There is no 　 in font ptmr7t!
Missing character: There is no 　 in font ptmr7t!
Missing character: There is no 　 in font ptmr7t!
Missing character: There is no 　 in font ptmr7t!
Missing character: There is no 　 in font ptmr7t!
Missing character: There is no 　 in font ptmr7t!
Missing character: There is no 　 in font ptmr7t!
Missing character: There is no 　 in font ptmr7t!
Missing character: There is no 　 in font ptmr7t!
Missing character: There is no 　 in font ptmr7t!
Missing character: There is no 　 in font ptmr7t!
Missing character: There is no 　 in font ptmr7t!
Missing character: There is no 　 in font ptmr7t!
Missing character: There is no 　 in font ptmr7t!
Missing character: There is no 　 in font ptmr7t!
Missing character: There is no 　 in font ptmr7t!
Missing character: There is no 　 in font ptmr7t!
Missing character: There is no 　 in font ptmr7t!
Missing character: There is no 　 in font ptmr7t!
Missing character: There is no 　 in font ptmr7t!
Missing character: There is no 　 in font ptmr7t!
Missing character: There is no 　 in font ptmr7t!
Missing character: There is no 　 in font ptmr7t!
Missing character: There is no 　 in font ptmr7t!
Missing character: There is no 　 in font ptmr7t!
Missing character: There is no 　 in font ptmr7t!
Missing character: There is no 　 in font ptmr7t!
Missing character: There is no 　 in font ptmr7t!
Missing character: There is no 　 in font ptmr7t!
Missing character: There is no 　 in font ptmr7t!
Missing character: There is no 　 in font ptmr7t!
Missing character: There is no 　 in font ptmr7t!
Missing character: There is no 　 in font ptmr7t!
Missing character: There is no 　 in font ptmr7t!
Missing character: There is no 　 in font ptmr7t!
Missing character: There is no 　 in font ptmr7t!
Missing character: There is no 　 in font ptmr7t!
Missing character: There is no 　 in font ptmr7t!
Missing character: There is no 　 in font ptmr7t!
Missing character: There is no 　 in font ptmr7t!
Missing character: There is no 　 in font ptmr7t!
Missing character: There is no 　 in font ptmr7t!
Missing character: There is no 　 in font ptmr7t!
Missing character: There is no 　 in font ptmr7t!
Missing character: There is no 　 in font ptmr7t!
Missing character: There is no 　 in font ptmr7t!
Missing character: There is no 　 in font ptmr7t!
Missing character: There is no 　 in font ptmr7t!
Missing character: There is no 　 in font ptmr7t!
Missing character: There is no 　 in font ptmr7t!
Missing character: There is no 　 in font ptmr7t!
Missing character: There is no 　 in font ptmr7t!
Missing character: There is no 　 in font ptmr7t!
Missing character: There is no 　 in font ptmr7t!
Missing character: There is no 　 in font ptmr7t!
Missing character: There is no 　 in font ptmr7t!
Missing character: There is no 　 in font ptmr7t!
Missing character: There is no 　 in font ptmr7t!
Missing character: There is no 　 in font ptmr7t!
Missing character: There is no 　 in font ptmr7t!
Missing character: There is no 　 in font ptmr7t!
Missing character: There is no 　 in font ptmr7t!
Missing character: There is no 　 in font ptmr7t!
Missing character: There is no 　 in font ptmr7t!
Missing character: There is no 　 in font ptmr7t!
Missing character: There is no 　 in font ptmr7t!
Missing character: There is no 　 in font ptmr7t!
Missing character: There is no 　 in font ptmr7t!
Missing character: There is no 　 in font ptmr7t!
Missing character: There is no 　 in font ptmr7t!
Missing character: There is no 　 in font ptmr7t!
Missing character: There is no 　 in font ptmr7t!
Missing character: There is no 　 in font ptmr7t!
Missing character: There is no 　 in font ptmr7t!
Missing character: There is no 　 in font ptmr7t!
Missing character: There is no 　 in font ptmr7t!
Missing character: There is no 　 in font ptmr7t!
Missing character: There is no 　 in font ptmr7t!
Missing character: There is no 　 in font ptmr7t!
Missing character: There is no 　 in font ptmr7t!
Missing character: There is no 　 in font ptmr7t!
Missing character: There is no 　 in font ptmr7t!
Missing character: There is no 　 in font ptmr7t!
Missing character: There is no 　 in font ptmr7t!
Missing character: There is no 　 in font ptmr7t!
Missing character: There is no 　 in font ptmr7t!
Missing character: There is no 　 in font ptmr7t!
Missing character: There is no 　 in font ptmr7t!
Missing character: There is no 　 in font ptmr7t!
Missing character: There is no 　 in font ptmr7t!
Missing character: There is no 　 in font ptmr7t!
Missing character: There is no 　 in font ptmr7t!
Missing character: There is no 　 in font ptmr7t!
Missing character: There is no 　 in font ptmr7t!
Missing character: There is no 　 in font ptmr7t!
Missing character: There is no 　 in font ptmr7t!
Missing character: There is no 　 in font ptmr7t!
Missing character: There is no 　 in font ptmr7t!
Missing character: There is no 　 in font ptmr7t!
Missing character: There is no 　 in font ptmr7t!
Missing character: There is no 　 in font ptmr7t!
Missing character: There is no 　 in font ptmr7t!
Missing character: There is no 　 in font ptmr7t!
Missing character: There is no 　 in font ptmr7t!
Missing character: There is no 　 in font ptmr7t!
Missing character: There is no 　 in font ptmr7t!
Missing character: There is no 　 in font ptmr7t!
Missing character: There is no 　 in font ptmr7t!
Missing character: There is no 　 in font ptmr7t!
Missing character: There is no 　 in font ptmr7t!
Missing character: There is no 　 in font ptmr7t!
Missing character: There is no 　 in font ptmr7t!
Missing character: There is no 　 in font ptmr7t!
Missing character: There is no 　 in font ptmr7t!
Missing character: There is no 　 in font ptmr7t!
Missing character: There is no 　 in font ptmr7t!
Missing character: There is no 　 in font ptmr7t!
Missing character: There is no 　 in font ptmr7t!
Missing character: There is no 　 in font ptmr7t!
Missing character: There is no 　 in font ptmr7t!
Missing character: There is no 　 in font ptmr7t!
Missing character: There is no 　 in font ptmr7t!
Missing character: There is no 　 in font ptmr7t!
Missing character: There is no 　 in font ptmr7t!
Missing character: There is no 　 in font ptmr7t!
Missing character: There is no 　 in font ptmr7t!
Missing character: There is no 　 in font ptmr7t!
Missing character: There is no 　 in font ptmr7t!
Missing character: There is no 　 in font ptmr7t!
Missing character: There is no 　 in font ptmr7t!
Missing character: There is no 　 in font ptmr7t!
Missing character: There is no 　 in font ptmr7t!
Missing character: There is no 　 in font ptmr7t!
Missing character: There is no 　 in font ptmr7t!
Missing character: There is no 　 in font ptmr7t!
Missing character: There is no 　 in font ptmr7t!
Missing character: There is no 　 in font ptmr7t!
Missing character: There is no 　 in font ptmr7t!
Missing character: There is no 　 in font ptmr7t!
Missing character: There is no 　 in font ptmr7t!
Missing character: There is no 　 in font ptmr7t!
Missing character: There is no 　 in font ptmr7t!
Missing character: There is no 　 in font ptmr7t!
Missing character: There is no 　 in font ptmr7t!
Missing character: There is no 　 in font ptmr7t!
Missing character: There is no 　 in font ptmr7t!
Missing character: There is no 　 in font ptmr7t!
Missing character: There is no 　 in font ptmr7t!
Missing character: There is no 　 in font ptmr7t!
Missing character: There is no 　 in font ptmr7t!
Missing character: There is no 　 in font ptmr7t!
Missing character: There is no 　 in font ptmr7t!
Missing character: There is no 　 in font ptmr7t!
Missing character: There is no 　 in font ptmr7t!
Missing character: There is no 　 in font ptmr7t!
Missing character: There is no 　 in font ptmr7t!
Missing character: There is no 　 in font ptmr7t!
Missing character: There is no 　 in font ptmr7t!
Missing character: There is no 　 in font ptmr7t!
Missing character: There is no 　 in font ptmr7t!
Missing character: There is no 　 in font ptmr7t!
Missing character: There is no 　 in font ptmr7t!
Missing character: There is no 　 in font ptmr7t!
Missing character: There is no 　 in font ptmr7t!
Missing character: There is no 　 in font ptmr7t!
Missing character: There is no 　 in font ptmr7t!
Missing character: There is no 　 in font ptmr7t!
Missing character: There is no 　 in font ptmr7t!
Missing character: There is no 　 in font ptmr7t!
Missing character: There is no 　 in font ptmr7t!
Missing character: There is no 　 in font ptmr7t!
Missing character: There is no 　 in font ptmr7t!
Missing character: There is no 　 in font ptmr7t!
Missing character: There is no 　 in font ptmr7t!
Missing character: There is no 　 in font ptmr7t!
Missing character: There is no 　 in font ptmr7t!
Missing character: There is no 　 in font ptmr7t!
Missing character: There is no 　 in font ptmr7t!
Missing character: There is no 　 in font ptmr7t!
Missing character: There is no 　 in font ptmr7t!
Missing character: There is no 　 in font ptmr7t!
Missing character: There is no 　 in font ptmr7t!
Missing character: There is no 　 in font ptmr7t!
Missing character: There is no 　 in font ptmr7t!
Missing character: There is no 　 in font ptmr7t!
Missing character: There is no 　 in font ptmr7t!
Missing character: There is no 　 in font ptmr7t!
Missing character: There is no 　 in font ptmr7t!
Missing character: There is no 　 in font ptmr7t!
Missing character: There is no 　 in font ptmr7t!
Missing character: There is no 　 in font ptmr7t!
Missing character: There is no 　 in font ptmr7t!
Missing character: There is no 　 in font ptmr7t!
Missing character: There is no 　 in font ptmr7t!
Missing character: There is no 　 in font ptmr7t!
Missing character: There is no 　 in font ptmr7t!
Missing character: There is no 　 in font ptmr7t!
Missing character: There is no 　 in font ptmr7t!
Missing character: There is no 　 in font ptmr7t!
Missing character: There is no 　 in font ptmr7t!
Missing character: There is no 　 in font ptmr7t!
Missing character: There is no 　 in font ptmr7t!
Missing character: There is no 　 in font ptmr7t!
Missing character: There is no 　 in font ptmr7t!
Missing character: There is no 　 in font ptmr7t!
Missing character: There is no 　 in font ptmr7t!
Missing character: There is no 　 in font ptmr7t!
Missing character: There is no 　 in font ptmr7t!
Missing character: There is no 　 in font ptmr7t!
Missing character: There is no 　 in font ptmr7t!
Missing character: There is no 　 in font ptmr7t!
Missing character: There is no 　 in font ptmr7t!
Missing character: There is no 　 in font ptmr7t!
Missing character: There is no 　 in font ptmr7t!
Missing character: There is no 　 in font ptmr7t!
Missing character: There is no 　 in font ptmr7t!
Missing character: There is no 　 in font ptmr7t!
Missing character: There is no 　 in font ptmr7t!
Missing character: There is no 　 in font ptmr7t!
Missing character: There is no 　 in font ptmr7t!
Missing character: There is no 　 in font ptmr7t!
Missing character: There is no 　 in font ptmr7t!
Missing character: There is no 　 in font ptmr7t!
Missing character: There is no 　 in font ptmr7t!
Missing character: There is no 　 in font ptmr7t!
Missing character: There is no 　 in font ptmr7t!
Missing character: There is no 　 in font ptmr7t!
Missing character: There is no 　 in font ptmr7t!
Missing character: There is no 　 in font ptmr7t!
Missing character: There is no 　 in font ptmr7t!
Missing character: There is no 　 in font ptmr7t!
Missing character: There is no 　 in font ptmr7t!
Missing character: There is no 　 in font ptmr7t!
Missing character: There is no 　 in font ptmr7t!
Missing character: There is no 　 in font ptmr7t!
Missing character: There is no 　 in font ptmr7t!
Missing character: There is no 　 in font ptmr7t!
Missing character: There is no 　 in font ptmr7t!
Missing character: There is no 　 in font ptmr7t!
Missing character: There is no 　 in font ptmr7t!
Missing character: There is no 　 in font ptmr7t!
Missing character: There is no 　 in font ptmr7t!
Missing character: There is no 　 in font ptmr7t!
Missing character: There is no 　 in font ptmr7t!
Missing character: There is no 　 in font ptmr7t!
Missing character: There is no 　 in font ptmr7t!
Missing character: There is no 　 in font ptmr7t!
Missing character: There is no 　 in font ptmr7t!
Missing character: There is no 　 in font ptmr7t!
Missing character: There is no 　 in font ptmr7t!
Missing character: There is no 　 in font ptmr7t!
Missing character: There is no 　 in font ptmr7t!
Missing character: There is no 　 in font ptmr7t!
Missing character: There is no 　 in font ptmr7t!
Missing character: There is no 　 in font ptmr7t!
Missing character: There is no 　 in font ptmr7t!
Missing character: There is no 　 in font ptmr7t!
Missing character: There is no 　 in font ptmr7t!
Missing character: There is no 　 in font ptmr7t!
Missing character: There is no 　 in font ptmr7t!
Missing character: There is no 　 in font ptmr7t!
Missing character: There is no 　 in font ptmr7t!
Missing character: There is no 　 in font ptmr7t!
Missing character: There is no 　 in font ptmr7t!
Missing character: There is no 　 in font ptmr7t!
Missing character: There is no 　 in font ptmr7t!
Missing character: There is no 　 in font ptmr7t!
Missing character: There is no 　 in font ptmr7t!
Missing character: There is no 　 in font ptmr7t!
Missing character: There is no 　 in font ptmr7t!
Missing character: There is no 　 in font ptmr7t!
Missing character: There is no 　 in font ptmr7t!
Missing character: There is no 　 in font ptmr7t!
Missing character: There is no 　 in font ptmr7t!
Missing character: There is no 　 in font ptmr7t!
Missing character: There is no 　 in font ptmr7t!
Missing character: There is no 　 in font ptmr7t!
Missing character: There is no 　 in font ptmr7t!
Missing character: There is no 　 in font ptmr7t!
Missing character: There is no 　 in font ptmr7t!
Missing character: There is no 　 in font ptmr7t!
Missing character: There is no 　 in font ptmr7t!
Missing character: There is no 　 in font ptmr7t!
Missing character: There is no 　 in font ptmr7t!
Missing character: There is no 　 in font ptmr7t!
Missing character: There is no 　 in font ptmr7t!
Missing character: There is no 　 in font ptmr7t!
Missing character: There is no 　 in font ptmr7t!
Missing character: There is no 　 in font ptmr7t!
Missing character: There is no 　 in font ptmr7t!
Missing character: There is no 　 in font ptmr7t!
Missing character: There is no 　 in font ptmr7t!
Missing character: There is no 　 in font ptmr7t!
Missing character: There is no 　 in font ptmr7t!
Missing character: There is no 　 in font ptmr7t!
Missing character: There is no 　 in font ptmr7t!
Missing character: There is no 　 in font ptmr7t!
Missing character: There is no 　 in font ptmr7t!
Missing character: There is no 　 in font ptmr7t!
Missing character: There is no 　 in font ptmr7t!
Missing character: There is no 　 in font ptmr7t!
Missing character: There is no 　 in font ptmr7t!
Missing character: There is no 　 in font ptmr7t!
Missing character: There is no 　 in font ptmr7t!
Missing character: There is no 　 in font ptmr7t!
Missing character: There is no 　 in font ptmr7t!
 [3]
File: p2.png Graphic file (type QTm)
 <use  "p2.png" > [4]
File: p3.png Graphic file (type QTm)
 <use  "p3.png" >
File: p4.png Graphic file (type QTm)
 <use  "p4.png" > [5]
Missing character: There is no ’ in font ptmr7t!
File: p5.png Graphic file (type QTm)
 <use  "p5.png" >
File: p6.png Graphic file (type QTm)
 <use  "p6.png" > [6] [7]
File: p7.png Graphic file (type QTm)
 <use  "p7.png" > [8]
File: p8.png Graphic file (type QTm)
 <use  "p8.png" > [9]
LaTeX Font Info:    Font shape `OT1/ptm/bx/n' in size <12> not available
(Font)              Font shape `OT1/ptm/b/n' tried instead on input line 318.
File: p9.png Graphic file (type QTm)
 <use  "p9.png" > [10]
File: p10.png Graphic file (type QTm)
 <use  "p10.png" >
File: p11.png Graphic file (type QTm)
 <use  "p11.png" >
File: p12.png Graphic file (type QTm)
 <use  "p12.png" > [11]
File: p13.png Graphic file (type QTm)
 <use  "p13.png" >
File: p14.png Graphic file (type QTm)
 <use  "p14.png" > [12]
File: p15.pdf Graphic file (type QTm)
 <use  "p15.pdf" > [13]
Underfull \hbox (badness 10000) in paragraph at lines 381--385

 []

LaTeX Font Info:    Font shape `OT1/ptm/bx/n' in size <9> not available
(Font)              Font shape `OT1/ptm/b/n' tried instead on input line 389.
LaTeX Font Info:    Font shape `OT1/ptm/bx/n' in size <7> not available
(Font)              Font shape `OT1/ptm/b/n' tried instead on input line 389.
[14] [15] (./junyanzhong.bbl) [16] (./junyanzhong.aux) ) 
Here is how much of TeX's memory you used:
 26620 strings out of 495211
 660962 string characters out of 6179842
 912965 words of memory out of 5000000
 29442 multiletter control sequences out of 15000+600000
 38312 words of font info for 101 fonts, out of 8000000 for 9000
 286 hyphenation exceptions out of 8191
 55i,17n,83p,775b,1127s stack positions out of 5000i,500n,10000p,200000b,80000s

Output written on junyanzhong.pdf (16 pages).
